'2018-12-18 19:28:30,901  --手机号 _login_输出log.py  --[line:34]  --INFO  --start app...')
'2018-12-18 19:29:57,300  --手机号 _login_输出log.py  --[line:34]  --INFO  --start app...')
'2018-12-18 19:30:13,157  --手机号 _login_输出log.py  --[line:37]  --INFO  --click xieyi')
'2018-12-18 19:43:35,105  --手机号 _login_输出log.py  --[line:34]  --INFO  --start app...')
'2018-12-18 19:43:53,318  --手机号 _login_输出log.py  --[line:37]  --INFO  --click 协议...')
'2018-12-18 19:44:09,745  --手机号 _login_输出log.py  --[line:49]  --INFO  --点击手机号登录...')
'2018-12-18 19:44:13,379  --手机号 _login_输出log.py  --[line:53]  --INFO  --切换到验证码登录...')
'2018-12-18 19:44:13,699  --手机号 _login_输出log.py  --[line:55]  --INFO  --返回到登录首页...')
'2018-12-18 19:44:20,564  --手机号 _login_输出log.py  --[line:58]  --INFO  --点击手机号登录...')
'2018-12-18 19:44:21,011  --手机号 _login_输出log.py  --[line:60]  --INFO  --切换到密码登录...')
'2018-12-18 19:44:26,788  --手机号 _login_输出log.py  --[line:63]  --INFO  --开始输入账号密码...')
'2018-12-18 19:44:39,915  --手机号 _login_输出log.py  --[line:66]  --INFO  --点击登录...')
'2018-12-18 19:45:55,137  --手机号 _login_输出log.py  --[line:34]  --INFO  --start app...')
'2018-12-18 19:46:12,636  --手机号 _login_输出log.py  --[line:37]  --INFO  --click 协议...')
'2018-12-18 19:46:30,241  --手机号 _login_输出log.py  --[line:49]  --INFO  --点击手机号登录...')
'2018-12-18 19:46:33,236  --手机号 _login_输出log.py  --[line:53]  --INFO  --切换到验证码登录...')
'2018-12-18 19:46:33,591  --手机号 _login_输出log.py  --[line:55]  --INFO  --返回到登录首页...')
'2018-12-18 19:46:40,308  --手机号 _login_输出log.py  --[line:58]  --INFO  --点击手机号登录...')
'2018-12-18 19:46:40,865  --手机号 _login_输出log.py  --[line:60]  --INFO  --切换到密码登录...')
'2018-12-18 19:46:46,804  --手机号 _login_输出log.py  --[line:63]  --INFO  --开始输入账号密码...')
'2018-12-18 19:47:00,268  --手机号 _login_输出log.py  --[line:66]  --INFO  --点击登录...')
'2018-12-18 19:48:05,529  --手机号 _login_输出log.py  --[line:34]  --INFO  --start app...')
'2018-12-18 19:48:22,370  --手机号 _login_输出log.py  --[line:37]  --INFO  --click 协议...')
'2018-12-18 19:48:40,608  --手机号 _login_输出log.py  --[line:49]  --INFO  --点击手机号登录...')
'2018-12-18 19:48:43,835  --手机号 _login_输出log.py  --[line:53]  --INFO  --切换到验证码登录...')
'2018-12-18 19:48:44,258  --手机号 _login_输出log.py  --[line:55]  --INFO  --返回到登录首页...')
'2018-12-18 19:48:51,083  --手机号 _login_输出log.py  --[line:58]  --INFO  --点击手机号登录...')
'2018-12-18 19:48:51,546  --手机号 _login_输出log.py  --[line:60]  --INFO  --切换到密码登录...')
'2018-12-18 19:48:57,311  --手机号 _login_输出log.py  --[line:63]  --INFO  --开始输入账号密码...')
'2018-12-18 19:49:10,983  --手机号 _login_输出log.py  --[line:66]  --INFO  --点击登录...')
'2018-12-18 19:49:14,628  --手机号 _login_输出log.py  --[line:69]  --INFO  --登录成功...')
'2018-12-18 19:58:24,936  --手机号 _进入首页_输出log.py  --[line:34]  --INFO  --start app...')
'2018-12-18 19:58:40,734  --手机号 _进入首页_输出log.py  --[line:37]  --INFO  --click 协议...')
'2018-12-18 19:58:58,982  --手机号 _进入首页_输出log.py  --[line:49]  --INFO  --点击手机号登录...')
'2018-12-18 19:59:01,877  --手机号 _进入首页_输出log.py  --[line:53]  --INFO  --切换到验证码登录...')
'2018-12-18 19:59:02,163  --手机号 _进入首页_输出log.py  --[line:55]  --INFO  --返回到登录首页...')
'2018-12-18 19:59:08,931  --手机号 _进入首页_输出log.py  --[line:58]  --INFO  --点击手机号登录...')
'2018-12-18 19:59:09,584  --手机号 _进入首页_输出log.py  --[line:60]  --INFO  --切换到密码登录...')
'2018-12-18 19:59:15,640  --手机号 _进入首页_输出log.py  --[line:63]  --INFO  --开始输入账号密码...')
'2018-12-18 19:59:27,639  --手机号 _进入首页_输出log.py  --[line:66]  --INFO  --点击登录...')
'2018-12-18 19:59:30,474  --手机号 _进入首页_输出log.py  --[line:69]  --INFO  --登录成功...')
'2018-12-18 19:59:30,999  --手机号 _进入首页_输出log.py  --[line:74]  --INFO  --点击渤海P1')
'2018-12-18 20:01:39,110  --手机号 _进入首页_输出log.py  --[line:34]  --INFO  --start app...')
'2018-12-18 20:01:54,931  --手机号 _进入首页_输出log.py  --[line:37]  --INFO  --click 协议...')
'2018-12-18 20:02:12,654  --手机号 _进入首页_输出log.py  --[line:49]  --INFO  --点击手机号登录...')
'2018-12-18 20:02:15,167  --手机号 _进入首页_输出log.py  --[line:53]  --INFO  --切换到验证码登录...')
'2018-12-18 20:02:15,671  --手机号 _进入首页_输出log.py  --[line:55]  --INFO  --返回到登录首页...')
'2018-12-18 20:02:22,666  --手机号 _进入首页_输出log.py  --[line:58]  --INFO  --点击手机号登录...')
'2018-12-18 20:02:23,228  --手机号 _进入首页_输出log.py  --[line:60]  --INFO  --切换到密码登录...')
'2018-12-18 20:02:28,999  --手机号 _进入首页_输出log.py  --[line:63]  --INFO  --开始输入账号密码...')
'2018-12-18 20:02:41,944  --手机号 _进入首页_输出log.py  --[line:66]  --INFO  --点击登录...')
'2018-12-18 20:02:44,883  --手机号 _进入首页_输出log.py  --[line:69]  --INFO  --登录成功...')
'2018-12-18 20:03:04,193  --手机号 _进入首页_输出log.py  --[line:34]  --INFO  --start app...')
'2018-12-18 20:03:21,003  --手机号 _进入首页_输出log.py  --[line:37]  --INFO  --click 协议...')
'2018-12-18 20:03:39,124  --手机号 _进入首页_输出log.py  --[line:49]  --INFO  --点击手机号登录...')
'2018-12-18 20:03:41,997  --手机号 _进入首页_输出log.py  --[line:53]  --INFO  --切换到验证码登录...')
'2018-12-18 20:03:42,649  --手机号 _进入首页_输出log.py  --[line:55]  --INFO  --返回到登录首页...')
'2018-12-18 20:03:49,624  --手机号 _进入首页_输出log.py  --[line:58]  --INFO  --点击手机号登录...')
'2018-12-18 20:03:50,212  --手机号 _进入首页_输出log.py  --[line:60]  --INFO  --切换到密码登录...')
'2018-12-18 20:03:55,945  --手机号 _进入首页_输出log.py  --[line:63]  --INFO  --开始输入账号密码...')
'2018-12-18 20:04:08,841  --手机号 _进入首页_输出log.py  --[line:66]  --INFO  --点击登录...')
'2018-12-18 20:04:12,294  --手机号 _进入首页_输出log.py  --[line:69]  --INFO  --登录成功...')
'2018-12-18 20:04:38,117  --手机号 _进入首页_输出log.py  --[line:35]  --INFO  --start app...')
'2018-12-18 20:04:55,215  --手机号 _进入首页_输出log.py  --[line:38]  --INFO  --click 协议...')
'2018-12-18 20:05:11,675  --手机号 _进入首页_输出log.py  --[line:50]  --INFO  --点击手机号登录...')
'2018-12-18 20:05:14,049  --手机号 _进入首页_输出log.py  --[line:54]  --INFO  --切换到验证码登录...')
'2018-12-18 20:05:14,701  --手机号 _进入首页_输出log.py  --[line:56]  --INFO  --返回到登录首页...')
'2018-12-18 20:05:21,600  --手机号 _进入首页_输出log.py  --[line:59]  --INFO  --点击手机号登录...')
'2018-12-18 20:05:22,462  --手机号 _进入首页_输出log.py  --[line:61]  --INFO  --切换到密码登录...')
'2018-12-18 20:05:28,493  --手机号 _进入首页_输出log.py  --[line:64]  --INFO  --开始输入账号密码...')
'2018-12-18 20:05:40,450  --手机号 _进入首页_输出log.py  --[line:67]  --INFO  --点击登录...')
'2018-12-18 20:05:43,380  --手机号 _进入首页_输出log.py  --[line:70]  --INFO  --登录成功...')
'2018-12-18 20:05:49,125  --手机号 _进入首页_输出log.py  --[line:79]  --INFO  --点击渤海P1')
'2018-12-18 20:05:49,125  --手机号 _进入首页_输出log.py  --[line:80]  --INFO  --提示绑定微信运动')
'2018-12-18 20:06:34,066  --手机号 _进入首页_输出log.py  --[line:35]  --INFO  --start app...')
'2018-12-18 20:06:52,841  --手机号 _进入首页_输出log.py  --[line:38]  --INFO  --click 协议...')
'2018-12-18 20:07:09,716  --手机号 _进入首页_输出log.py  --[line:50]  --INFO  --点击手机号登录...')
'2018-12-18 20:07:12,354  --手机号 _进入首页_输出log.py  --[line:54]  --INFO  --切换到验证码登录...')
'2018-12-18 20:07:12,579  --手机号 _进入首页_输出log.py  --[line:56]  --INFO  --返回到登录首页...')
'2018-12-18 20:07:19,544  --手机号 _进入首页_输出log.py  --[line:59]  --INFO  --点击手机号登录...')
'2018-12-18 20:07:20,368  --手机号 _进入首页_输出log.py  --[line:61]  --INFO  --切换到密码登录...')
'2018-12-18 20:07:26,127  --手机号 _进入首页_输出log.py  --[line:64]  --INFO  --开始输入账号密码...')
'2018-12-18 20:07:39,309  --手机号 _进入首页_输出log.py  --[line:67]  --INFO  --点击登录...')
'2018-12-18 20:07:42,609  --手机号 _进入首页_输出log.py  --[line:70]  --INFO  --登录成功...')
'2018-12-18 20:07:48,426  --手机号 _进入首页_输出log.py  --[line:79]  --INFO  --点击渤海P1')
'2018-12-18 20:07:48,426  --手机号 _进入首页_输出log.py  --[line:80]  --INFO  --提示绑定微信运动')
'2018-12-18 20:08:06,922  --手机号 _进入首页_输出log.py  --[line:86]  --INFO  --进入闹钟管理界面')
'2018-12-18 20:08:11,870  --手机号 _进入首页_输出log.py  --[line:89]  --INFO  --进入微信支付界面')
'2018-12-18 20:08:19,401  --手机号 _进入首页_输出log.py  --[line:94]  --INFO  --进入授权界面')
'2018-12-19 18:52:24,596  --手机号 _进入首页_输出log.py  --[line:35]  --INFO  --start app...')
'2018-12-19 18:54:11,374  --手机号 _进入首页_输出log.py  --[line:35]  --INFO  --start app...')
'2018-12-19 18:58:44,339  --手机号 _进入首页_输出log.py  --[line:35]  --INFO  --start app...')
'2018-12-19 19:02:13,495  --安装与卸载DM_yaml启动.py  --[line:33]  --INFO  --start app...')
'2018-12-19 19:03:23,017  --安装与卸载DM_yaml启动.py  --[line:33]  --INFO  --start app...')
'2018-12-19 19:04:47,992  --安装与卸载DM_yaml启动.py  --[line:33]  --INFO  --start app...')
'2018-12-19 19:07:27,775  --安装与卸载DM_yaml启动.py  --[line:33]  --INFO  --start app...')
'2018-12-19 19:07:52,116  --安装与卸载DM_yaml启动.py  --[line:36]  --INFO  --开始读取机型信息')
'2018-12-19 19:07:52,953  --安装与卸载DM_yaml启动.py  --[line:43]  --INFO  --read phone...')
'2018-12-19 19:08:44,228  --手机号 _进入首页_输出log.py  --[line:35]  --INFO  --start app...')
'2018-12-19 19:09:21,189  --手机号 _进入首页_输出log.py  --[line:38]  --INFO  --click 协议...')
'2018-12-19 19:09:34,746  --手机号 _进入首页_输出log.py  --[line:50]  --INFO  --点击手机号登录...')
'2018-12-19 19:09:37,187  --手机号 _进入首页_输出log.py  --[line:54]  --INFO  --切换到验证码登录...')
'2018-12-19 19:09:37,561  --手机号 _进入首页_输出log.py  --[line:56]  --INFO  --返回到登录首页...')
'2018-12-19 19:09:44,301  --手机号 _进入首页_输出log.py  --[line:59]  --INFO  --点击手机号登录...')
'2018-12-19 19:09:53,503  --手机号 _进入首页_输出log.py  --[line:35]  --INFO  --start app...')
'2018-12-19 19:10:13,687  --手机号 _进入首页_输出log.py  --[line:38]  --INFO  --click 协议...')
'2018-12-19 19:10:27,155  --手机号 _进入首页_输出log.py  --[line:50]  --INFO  --点击手机号登录...')
'2018-12-19 19:10:29,625  --手机号 _进入首页_输出log.py  --[line:54]  --INFO  --切换到验证码登录...')
'2018-12-19 19:10:30,120  --手机号 _进入首页_输出log.py  --[line:56]  --INFO  --返回到登录首页...')
'2018-12-19 19:10:37,207  --手机号 _进入首页_输出log.py  --[line:59]  --INFO  --点击手机号登录...')
'2018-12-19 19:10:37,607  --手机号 _进入首页_输出log.py  --[line:61]  --INFO  --切换到密码登录...')
'2018-12-19 19:10:43,378  --手机号 _进入首页_输出log.py  --[line:64]  --INFO  --开始输入账号密码...')
'2018-12-19 19:10:55,167  --手机号 _进入首页_输出log.py  --[line:67]  --INFO  --点击登录...')
'2018-12-19 19:10:58,972  --手机号 _进入首页_输出log.py  --[line:70]  --INFO  --登录成功...')
'2018-12-19 19:11:04,737  --手机号 _进入首页_输出log.py  --[line:79]  --INFO  --点击渤海P1')
'2018-12-19 19:11:04,737  --手机号 _进入首页_输出log.py  --[line:80]  --INFO  --提示绑定微信运动')
'2018-12-19 19:13:32,171  --安装与卸载DM_yaml启动.py  --[line:33]  --INFO  --start app...')
'2018-12-19 19:14:00,295  --安装与卸载DM_yaml启动.py  --[line:36]  --INFO  --开始读取机型信息')
'2018-12-19 19:14:01,298  --安装与卸载DM_yaml启动.py  --[line:43]  --INFO  --read phone...')
'2018-12-19 19:14:52,858  --安装与卸载DM_yaml启动.py  --[line:33]  --INFO  --start app...')
'2018-12-19 19:15:24,936  --安装与卸载DM_yaml启动.py  --[line:36]  --INFO  --开始读取机型信息')
'2018-12-19 19:15:25,601  --安装与卸载DM_yaml启动.py  --[line:43]  --INFO  --卸载成功...')
'2018-12-19 19:21:25,618  --安装与卸载DM_yaml启动.py  --[line:33]  --INFO  --start app...')
'2018-12-19 19:21:44,545  --安装与卸载DM_yaml启动.py  --[line:36]  --INFO  --开始读取机型信息')
'2018-12-19 19:21:45,166  --安装与卸载DM_yaml启动.py  --[line:43]  --INFO  --卸载成功...')
'2018-12-19 19:22:20,616  --安装与卸载DM_yaml启动.py  --[line:33]  --INFO  --start app...')
'2018-12-19 19:22:49,398  --安装与卸载DM_yaml启动.py  --[line:36]  --INFO  --开始读取机型信息')
'2018-12-19 19:22:50,173  --安装与卸载DM_yaml启动.py  --[line:43]  --INFO  --卸载成功...')
'2018-12-19 19:23:37,750  --安装与卸载DM_yaml启动.py  --[line:33]  --INFO  --start app...')
'2018-12-19 19:24:02,697  --安装与卸载DM_yaml启动.py  --[line:36]  --INFO  --开始读取机型信息')
'2018-12-19 19:24:03,366  --安装与卸载DM_yaml启动.py  --[line:43]  --INFO  --卸载成功...')
'2018-12-19 19:24:43,390  --安装与卸载DM_yaml启动.py  --[line:33]  --INFO  --start app...')
'2018-12-19 19:25:11,166  --安装与卸载DM_yaml启动.py  --[line:36]  --INFO  --开始读取机型信息')
'2018-12-19 19:25:12,426  --安装与卸载DM_yaml启动.py  --[line:43]  --INFO  --卸载成功...')
'2018-12-19 19:25:55,825  --安装与卸载DM_yaml启动.py  --[line:33]  --INFO  --start app...')
'2018-12-19 19:27:52,699  --安装与卸载DM_yaml启动.py  --[line:33]  --INFO  --start app...')
'2018-12-19 19:28:21,802  --安装与卸载DM_yaml启动.py  --[line:36]  --INFO  --开始读取机型信息')
'2018-12-19 19:28:21,912  --安装与卸载DM_yaml启动.py  --[line:43]  --INFO  --卸载成功...')
'2018-12-19 19:30:49,505  --安装与卸载DM_yaml启动.py  --[line:33]  --INFO  --start app...')
'2018-12-19 19:31:07,857  --安装与卸载DM_yaml启动.py  --[line:36]  --INFO  --开始读取机型信息')
'2018-12-19 19:31:07,977  --安装与卸载DM_yaml启动.py  --[line:43]  --INFO  --卸载成功...')
'2018-12-19 19:31:33,654  --安装与卸载DM_yaml启动.py  --[line:33]  --INFO  --start app...')
'2018-12-19 19:31:52,414  --安装与卸载DM_yaml启动.py  --[line:36]  --INFO  --开始读取机型信息')
'2018-12-19 19:31:52,514  --安装与卸载DM_yaml启动.py  --[line:43]  --INFO  --卸载成功...')
'2018-12-19 19:32:13,845  --安装与卸载DM_yaml启动.py  --[line:33]  --INFO  --start app...')
'2018-12-19 19:32:31,362  --安装与卸载DM_yaml启动.py  --[line:36]  --INFO  --开始读取机型信息')
'2018-12-19 19:32:31,492  --安装与卸载DM_yaml启动.py  --[line:43]  --INFO  --卸载成功...')
'2018-12-19 19:32:53,428  --安装与卸载DM_yaml启动.py  --[line:34]  --INFO  --start app...')
'2018-12-19 19:33:12,285  --安装与卸载DM_yaml启动.py  --[line:37]  --INFO  --开始读取机型信息')
'2018-12-19 19:33:12,387  --安装与卸载DM_yaml启动.py  --[line:44]  --INFO  --卸载成功...')
'2018-12-19 19:34:26,256  --安装与卸载DM_yaml启动.py  --[line:34]  --INFO  --start app...')
'2018-12-19 19:34:55,367  --安装与卸载DM_yaml启动.py  --[line:37]  --INFO  --开始读取机型信息')
'2018-12-19 19:34:55,507  --安装与卸载DM_yaml启动.py  --[line:44]  --INFO  --卸载成功...')
'2018-12-19 19:36:24,258  --安装与卸载DM_yaml启动.py  --[line:34]  --INFO  --start app...')
'2018-12-19 19:36:53,899  --安装与卸载DM_yaml启动.py  --[line:37]  --INFO  --开始读取机型信息')
'2018-12-19 19:36:54,009  --安装与卸载DM_yaml启动.py  --[line:44]  --INFO  --卸载成功...')
'2018-12-19 19:48:02,311  --安装与卸载DM_yaml启动.py  --[line:35]  --INFO  --start app...')
'2018-12-19 19:48:30,667  --安装与卸载DM_yaml启动.py  --[line:38]  --INFO  --开始读取机型信息')
'2018-12-19 19:48:30,764  --安装与卸载DM_yaml启动.py  --[line:45]  --INFO  --卸载成功...')
'2018-12-19 19:49:25,069  --安装与卸载DM_yaml启动.py  --[line:35]  --INFO  --start app...')
'2018-12-19 19:49:55,625  --安装与卸载DM_yaml启动.py  --[line:38]  --INFO  --开始读取机型信息')
'2018-12-19 19:49:55,726  --安装与卸载DM_yaml启动.py  --[line:45]  --INFO  --卸载成功...')
'2018-12-19 19:51:51,490  --安装与卸载DM_yaml启动.py  --[line:35]  --INFO  --start app...')
'2018-12-19 19:52:19,216  --安装与卸载DM_yaml启动.py  --[line:38]  --INFO  --开始读取机型信息')
'2018-12-19 19:52:19,331  --安装与卸载DM_yaml启动.py  --[line:45]  --INFO  --卸载成功...')
'2018-12-19 19:53:03,696  --安装与卸载DM_yaml启动.py  --[line:35]  --INFO  --start app...')
'2018-12-19 19:53:34,966  --安装与卸载DM_yaml启动.py  --[line:38]  --INFO  --开始读取机型信息')
'2018-12-19 19:53:35,078  --安装与卸载DM_yaml启动.py  --[line:45]  --INFO  --卸载成功...')
'2018-12-19 19:55:36,919  --安装与卸载DM_yaml启动.py  --[line:35]  --INFO  --start app...')
'2018-12-19 19:55:54,595  --安装与卸载DM_yaml启动.py  --[line:38]  --INFO  --开始读取机型信息')
'2018-12-19 19:55:54,697  --安装与卸载DM_yaml启动.py  --[line:45]  --INFO  --卸载成功...')
'2018-12-19 19:57:07,327  --安装与卸载DM_yaml启动.py  --[line:35]  --INFO  --start app...')
'2018-12-19 19:57:35,284  --安装与卸载DM_yaml启动.py  --[line:38]  --INFO  --开始读取机型信息')
'2018-12-19 19:57:35,393  --安装与卸载DM_yaml启动.py  --[line:45]  --INFO  --卸载成功...')
'2018-12-19 19:57:41,239  --安装与卸载DM_yaml启动.py  --[line:62]  --INFO  --关闭APP...')
'2018-12-19 19:57:56,858  --安装与卸载DM_yaml启动.py  --[line:65]  --INFO  --启动APP...')
'2018-12-19 20:02:50,572  --安装与卸载DM_yaml启动.py  --[line:35]  --INFO  --start app...')
'2018-12-19 20:03:19,674  --安装与卸载DM_yaml启动.py  --[line:38]  --INFO  --开始读取机型信息')
'2018-12-19 20:03:19,788  --安装与卸载DM_yaml启动.py  --[line:45]  --INFO  --卸载成功...')
'2018-12-19 20:03:25,564  --安装与卸载DM_yaml启动.py  --[line:62]  --INFO  --关闭APP...')
'2018-12-19 20:03:41,223  --安装与卸载DM_yaml启动.py  --[line:65]  --INFO  --启动APP...')
'2018-12-19 20:06:24,246  --安装与卸载DM_yaml启动.py  --[line:35]  --INFO  --start app...')
'2018-12-19 20:06:53,856  --安装与卸载DM_yaml启动.py  --[line:38]  --INFO  --开始读取机型信息')
'2018-12-19 20:06:53,996  --安装与卸载DM_yaml启动.py  --[line:45]  --INFO  --卸载成功...')
'2018-12-19 20:06:59,854  --安装与卸载DM_yaml启动.py  --[line:62]  --INFO  --关闭APP...')
'2018-12-19 20:07:15,851  --安装与卸载DM_yaml启动.py  --[line:65]  --INFO  --启动APP...')
'2018-12-20 10:32:16,595  --安装与卸载DM_yaml启动.py  --[line:35]  --INFO  --start app...')
'2018-12-20 10:32:38,564  --安装与卸载DM_yaml启动.py  --[line:38]  --INFO  --开始读取机型信息')
'2018-12-20 10:32:38,794  --安装与卸载DM_yaml启动.py  --[line:45]  --INFO  --卸载成功...')
'2018-12-20 10:32:44,612  --安装与卸载DM_yaml启动.py  --[line:62]  --INFO  --关闭APP...')
'2018-12-20 10:33:00,599  --安装与卸载DM_yaml启动.py  --[line:65]  --INFO  --启动APP...')
'2018-12-20 10:33:24,546  --安装与卸载DM_yaml启动.py  --[line:35]  --INFO  --start app...')
'2018-12-20 10:33:59,721  --安装与卸载DM_yaml启动.py  --[line:38]  --INFO  --开始读取机型信息')
'2018-12-20 10:33:59,891  --安装与卸载DM_yaml启动.py  --[line:45]  --INFO  --卸载成功...')
'2018-12-20 10:34:05,709  --安装与卸载DM_yaml启动.py  --[line:62]  --INFO  --关闭APP...')
'2018-12-20 10:34:24,025  --安装与卸载DM_yaml启动.py  --[line:65]  --INFO  --启动APP...')
'2018-12-20 10:43:07,707  --安装与卸载DM_yaml启动.py  --[line:35]  --INFO  --start app...')
'2018-12-20 10:43:41,426  --安装与卸载DM_yaml启动.py  --[line:38]  --INFO  --开始读取机型信息')
'2018-12-20 10:43:41,565  --安装与卸载DM_yaml启动.py  --[line:45]  --INFO  --卸载成功...')
'2018-12-20 10:43:47,408  --安装与卸载DM_yaml启动.py  --[line:62]  --INFO  --关闭APP...')
'2018-12-20 10:44:05,609  --安装与卸载DM_yaml启动.py  --[line:65]  --INFO  --启动APP...')
'2018-12-20 10:56:30,216  --安装与卸载DM_yaml启动.py  --[line:37]  --INFO  --start app...')
'2018-12-20 10:57:04,034  --安装与卸载DM_yaml启动.py  --[line:40]  --INFO  --开始读取机型信息')
'2018-12-20 10:57:04,149  --安装与卸载DM_yaml启动.py  --[line:47]  --INFO  --卸载成功...')
'2018-12-20 10:57:09,940  --安装与卸载DM_yaml启动.py  --[line:64]  --INFO  --关闭APP...')
'2018-12-20 10:57:28,264  --安装与卸载DM_yaml启动.py  --[line:67]  --INFO  --启动APP...')
'2018-12-20 11:45:06,618  --安装与卸载DM_yaml启动.py  --[line:37]  --INFO  --start app...')
'2018-12-20 11:45:28,234  --安装与卸载DM_yaml启动.py  --[line:40]  --INFO  --开始读取机型信息')
'2018-12-20 11:45:28,371  --安装与卸载DM_yaml启动.py  --[line:47]  --INFO  --卸载成功...')
'2018-12-20 11:45:34,175  --安装与卸载DM_yaml启动.py  --[line:64]  --INFO  --关闭APP...')
'2018-12-20 11:45:52,755  --安装与卸载DM_yaml启动.py  --[line:67]  --INFO  --启动APP...')
'2018-12-20 11:46:33,975  --安装与卸载DM_yaml启动.py  --[line:37]  --INFO  --start app...')
'2018-12-20 11:47:10,378  --安装与卸载DM_yaml启动.py  --[line:40]  --INFO  --开始读取机型信息')
'2018-12-20 11:47:10,517  --安装与卸载DM_yaml启动.py  --[line:47]  --INFO  --卸载成功...')
'2018-12-20 11:47:16,342  --安装与卸载DM_yaml启动.py  --[line:64]  --INFO  --关闭APP...')
'2018-12-20 11:47:35,122  --安装与卸载DM_yaml启动.py  --[line:67]  --INFO  --启动APP...')
'2018-12-20 15:21:06,461  --手机号 _进入首页_输出log.py  --[line:35]  --INFO  --start app...')
'2018-12-20 15:21:42,506  --手机号 _进入首页_输出log.py  --[line:38]  --INFO  --click 协议...')
'2018-12-20 15:21:55,472  --手机号 _进入首页_输出log.py  --[line:50]  --INFO  --点击手机号登录...')
'2018-12-20 15:21:57,755  --手机号 _进入首页_输出log.py  --[line:54]  --INFO  --切换到验证码登录...')
'2018-12-20 15:21:58,063  --手机号 _进入首页_输出log.py  --[line:56]  --INFO  --返回到登录首页...')
'2018-12-20 15:22:04,901  --手机号 _进入首页_输出log.py  --[line:59]  --INFO  --点击手机号登录...')
'2018-12-20 15:22:05,308  --手机号 _进入首页_输出log.py  --[line:61]  --INFO  --切换到密码登录...')
'2018-12-20 15:22:11,068  --手机号 _进入首页_输出log.py  --[line:64]  --INFO  --开始输入账号密码...')
'2018-12-20 15:27:16,501  --手机号 _进入首页_输出log.py  --[line:35]  --INFO  --start app...')
'2018-12-20 15:27:52,567  --手机号 _进入首页_输出log.py  --[line:38]  --INFO  --click 协议...')
'2018-12-20 15:28:05,637  --手机号 _进入首页_输出log.py  --[line:50]  --INFO  --点击手机号登录...')
'2018-12-20 15:28:07,964  --手机号 _进入首页_输出log.py  --[line:54]  --INFO  --切换到验证码登录...')
'2018-12-20 15:28:08,284  --手机号 _进入首页_输出log.py  --[line:56]  --INFO  --返回到登录首页...')
'2018-12-20 15:28:15,042  --手机号 _进入首页_输出log.py  --[line:59]  --INFO  --点击手机号登录...')
'2018-12-20 15:28:15,450  --手机号 _进入首页_输出log.py  --[line:61]  --INFO  --切换到密码登录...')
'2018-12-20 15:28:21,176  --手机号 _进入首页_输出log.py  --[line:64]  --INFO  --开始输入账号密码...')
'2018-12-20 15:31:28,500  --手机号 _进入首页_输出log.py  --[line:35]  --INFO  --start app...')
'2018-12-20 15:31:50,808  --手机号 _进入首页_输出log.py  --[line:38]  --INFO  --click 协议...')
'2018-12-20 15:32:03,708  --手机号 _进入首页_输出log.py  --[line:50]  --INFO  --点击手机号登录...')
'2018-12-20 15:32:06,029  --手机号 _进入首页_输出log.py  --[line:54]  --INFO  --切换到验证码登录...')
'2018-12-20 15:32:06,346  --手机号 _进入首页_输出log.py  --[line:56]  --INFO  --返回到登录首页...')
'2018-12-20 15:32:13,091  --手机号 _进入首页_输出log.py  --[line:59]  --INFO  --点击手机号登录...')
'2018-12-20 15:32:13,587  --手机号 _进入首页_输出log.py  --[line:61]  --INFO  --切换到密码登录...')
'2018-12-20 15:32:19,328  --手机号 _进入首页_输出log.py  --[line:64]  --INFO  --开始输入账号密码...')
'2018-12-20 15:33:34,228  --手机号 _进入首页_输出log.py  --[line:35]  --INFO  --start app...')
'2018-12-20 15:34:08,435  --手机号 _进入首页_输出log.py  --[line:38]  --INFO  --click 协议...')
'2018-12-20 15:34:21,455  --手机号 _进入首页_输出log.py  --[line:50]  --INFO  --点击手机号登录...')
'2018-12-20 15:34:23,877  --手机号 _进入首页_输出log.py  --[line:54]  --INFO  --切换到验证码登录...')
'2018-12-20 15:34:24,110  --手机号 _进入首页_输出log.py  --[line:56]  --INFO  --返回到登录首页...')
'2018-12-20 15:34:30,925  --手机号 _进入首页_输出log.py  --[line:59]  --INFO  --点击手机号登录...')
'2018-12-20 15:34:31,373  --手机号 _进入首页_输出log.py  --[line:61]  --INFO  --切换到密码登录...')
'2018-12-20 15:34:37,064  --手机号 _进入首页_输出log.py  --[line:64]  --INFO  --开始输入账号密码...')
'2018-12-20 15:35:37,270  --手机号 _进入首页_输出log.py  --[line:35]  --INFO  --start app...')
'2018-12-20 15:36:12,158  --手机号 _进入首页_输出log.py  --[line:38]  --INFO  --click 协议...')
'2018-12-20 15:36:25,200  --手机号 _进入首页_输出log.py  --[line:50]  --INFO  --点击手机号登录...')
'2018-12-20 15:36:27,498  --手机号 _进入首页_输出log.py  --[line:54]  --INFO  --切换到验证码登录...')
'2018-12-20 15:36:27,779  --手机号 _进入首页_输出log.py  --[line:56]  --INFO  --返回到登录首页...')
'2018-12-20 15:36:34,576  --手机号 _进入首页_输出log.py  --[line:59]  --INFO  --点击手机号登录...')
'2018-12-20 15:36:35,020  --手机号 _进入首页_输出log.py  --[line:61]  --INFO  --切换到密码登录...')
'2018-12-20 15:36:40,742  --手机号 _进入首页_输出log.py  --[line:64]  --INFO  --开始输入账号密码...')
'2018-12-22 21:14:04,821  --安装与卸载DM_yaml启动.py  --[line:37]  --INFO  --start app...')
'2018-12-22 21:15:29,911  --安装与卸载DM_yaml启动.py  --[line:37]  --INFO  --start app...')
'2018-12-22 21:16:20,881  --安装与卸载DM_yaml启动.py  --[line:37]  --INFO  --start app...')
'2018-12-22 21:17:28,322  --安装与卸载DM_yaml启动.py  --[line:40]  --INFO  --开始读取机型信息')
'2018-12-22 21:17:28,808  --安装与卸载DM_yaml启动.py  --[line:47]  --INFO  --卸载成功...')
'2018-12-22 21:17:35,554  --安装与卸载DM_yaml启动.py  --[line:64]  --INFO  --关闭APP...')
'2018-12-22 21:17:53,361  --安装与卸载DM_yaml启动.py  --[line:67]  --INFO  --启动APP...')
'2018-12-22 21:51:24,577  --安装与卸载DM_yaml启动.py  --[line:37]  --INFO  --start app...')
'2018-12-22 21:51:54,899  --安装与卸载DM_yaml启动.py  --[line:40]  --INFO  --开始读取机型信息')
'2018-12-22 21:51:55,381  --安装与卸载DM_yaml启动.py  --[line:47]  --INFO  --卸载成功...')
'2018-12-22 21:52:02,040  --安装与卸载DM_yaml启动.py  --[line:64]  --INFO  --关闭APP...')
'2018-12-22 21:52:19,737  --安装与卸载DM_yaml启动.py  --[line:67]  --INFO  --启动APP...')
'2018-12-22 21:55:48,844  --安装与卸载DM_yaml启动.py  --[line:37]  --INFO  --start app...')
'2018-12-22 21:56:20,215  --安装与卸载DM_yaml启动.py  --[line:40]  --INFO  --开始读取机型信息')
'2018-12-22 21:56:20,962  --安装与卸载DM_yaml启动.py  --[line:47]  --INFO  --卸载成功...')
'2018-12-22 21:56:27,649  --安装与卸载DM_yaml启动.py  --[line:64]  --INFO  --关闭APP...')
'2018-12-22 21:56:47,606  --安装与卸载DM_yaml启动.py  --[line:67]  --INFO  --启动APP...')
'2018-12-22 21:57:25,927  --安装与卸载DM_yaml启动.py  --[line:37]  --INFO  --start app...')
'2018-12-22 21:57:53,052  --安装与卸载DM_yaml启动.py  --[line:40]  --INFO  --开始读取机型信息')
'2018-12-22 21:57:53,436  --安装与卸载DM_yaml启动.py  --[line:47]  --INFO  --卸载成功...')
'2018-12-22 21:58:00,379  --安装与卸载DM_yaml启动.py  --[line:64]  --INFO  --关闭APP...')
'2018-12-22 21:58:18,292  --安装与卸载DM_yaml启动.py  --[line:67]  --INFO  --启动APP...')
'2018-12-22 22:01:45,979  --安装与卸载DM_yaml启动.py  --[line:37]  --INFO  --start app...')
'2018-12-22 22:02:18,735  --安装与卸载DM_yaml启动.py  --[line:40]  --INFO  --开始读取机型信息')
'2018-12-22 22:02:19,243  --安装与卸载DM_yaml启动.py  --[line:47]  --INFO  --卸载成功...')
'2018-12-22 22:02:25,945  --安装与卸载DM_yaml启动.py  --[line:64]  --INFO  --关闭APP...')
'2018-12-22 22:02:43,902  --安装与卸载DM_yaml启动.py  --[line:67]  --INFO  --启动APP...')
'2018-12-22 22:03:23,357  --安装与卸载DM_yaml启动.py  --[line:37]  --INFO  --start app...')
'2018-12-22 22:03:55,856  --安装与卸载DM_yaml启动.py  --[line:40]  --INFO  --开始读取机型信息')
'2018-12-22 22:03:56,233  --安装与卸载DM_yaml启动.py  --[line:47]  --INFO  --卸载成功...')
'2018-12-22 22:04:02,908  --安装与卸载DM_yaml启动.py  --[line:64]  --INFO  --关闭APP...')
'2018-12-22 22:04:20,654  --安装与卸载DM_yaml启动.py  --[line:67]  --INFO  --启动APP...')
'2018-12-22 22:05:10,956  --安装与卸载DM_yaml启动.py  --[line:37]  --INFO  --start app...')
'2018-12-22 22:05:37,747  --安装与卸载DM_yaml启动.py  --[line:40]  --INFO  --开始读取机型信息')
'2018-12-22 22:05:38,354  --安装与卸载DM_yaml启动.py  --[line:47]  --INFO  --卸载成功...')
'2018-12-22 22:05:45,039  --安装与卸载DM_yaml启动.py  --[line:64]  --INFO  --关闭APP...')
'2018-12-22 22:06:03,169  --安装与卸载DM_yaml启动.py  --[line:67]  --INFO  --启动APP...')
'2018-12-22 22:07:11,255  --安装与卸载DM_yaml启动.py  --[line:37]  --INFO  --start app...')
'2018-12-22 22:07:38,740  --安装与卸载DM_yaml启动.py  --[line:40]  --INFO  --开始读取机型信息')
'2018-12-22 22:07:39,823  --安装与卸载DM_yaml启动.py  --[line:47]  --INFO  --卸载成功...')
'2018-12-22 22:07:46,490  --安装与卸载DM_yaml启动.py  --[line:64]  --INFO  --关闭APP...')
'2018-12-22 22:08:04,744  --安装与卸载DM_yaml启动.py  --[line:67]  --INFO  --启动APP...')
'2018-12-22 22:17:13,875  --安装与卸载DM_yaml启动.py  --[line:37]  --INFO  --start app...')
'2018-12-22 22:17:45,210  --安装与卸载DM_yaml启动.py  --[line:40]  --INFO  --开始读取机型信息')
'2018-12-22 22:17:45,852  --安装与卸载DM_yaml启动.py  --[line:47]  --INFO  --卸载成功...')
'2018-12-22 22:17:52,562  --安装与卸载DM_yaml启动.py  --[line:64]  --INFO  --关闭APP...')
'2018-12-22 22:18:10,696  --安装与卸载DM_yaml启动.py  --[line:67]  --INFO  --启动APP...')
'2018-12-22 22:29:05,856  --安装与卸载DM_yaml启动.py  --[line:37]  --INFO  --start app...')
'2018-12-22 22:29:38,515  --安装与卸载DM_yaml启动.py  --[line:40]  --INFO  --开始读取机型信息')
'2018-12-22 22:29:39,232  --安装与卸载DM_yaml启动.py  --[line:47]  --INFO  --卸载成功...')
'2018-12-22 22:29:45,908  --安装与卸载DM_yaml启动.py  --[line:64]  --INFO  --关闭APP...')
'2018-12-22 22:30:03,786  --安装与卸载DM_yaml启动.py  --[line:67]  --INFO  --启动APP...')
'2018-12-22 22:31:53,779  --安装与卸载DM_yaml启动.py  --[line:37]  --INFO  --start app...')
'2018-12-22 22:32:18,275  --安装与卸载DM_yaml启动.py  --[line:40]  --INFO  --开始读取机型信息')
'2018-12-22 22:32:18,707  --安装与卸载DM_yaml启动.py  --[line:47]  --INFO  --卸载成功...')
'2018-12-22 22:32:25,407  --安装与卸载DM_yaml启动.py  --[line:64]  --INFO  --关闭APP...')
'2018-12-22 22:32:43,511  --安装与卸载DM_yaml启动.py  --[line:67]  --INFO  --启动APP...')
'2018-12-22 22:33:29,305  --安装与卸载DM_yaml启动.py  --[line:37]  --INFO  --start app...')
'2018-12-22 22:33:56,841  --安装与卸载DM_yaml启动.py  --[line:40]  --INFO  --开始读取机型信息')
'2018-12-22 22:33:57,239  --安装与卸载DM_yaml启动.py  --[line:47]  --INFO  --卸载成功...')
'2018-12-22 22:34:03,915  --安装与卸载DM_yaml启动.py  --[line:64]  --INFO  --关闭APP...')
'2018-12-22 22:34:22,306  --安装与卸载DM_yaml启动.py  --[line:67]  --INFO  --启动APP...')
'2018-12-22 22:35:09,196  --安装与卸载DM_yaml启动.py  --[line:37]  --INFO  --start app...')
'2018-12-22 22:35:35,843  --安装与卸载DM_yaml启动.py  --[line:40]  --INFO  --开始读取机型信息')
'2018-12-22 22:35:36,399  --安装与卸载DM_yaml启动.py  --[line:47]  --INFO  --卸载成功...')
'2018-12-22 22:35:43,100  --安装与卸载DM_yaml启动.py  --[line:64]  --INFO  --关闭APP...')
'2018-12-22 22:36:01,645  --安装与卸载DM_yaml启动.py  --[line:67]  --INFO  --启动APP...')
'2019-01-09 20:01:41,836  --login-log.py  --[line:35]  --INFO  --start app...')
'2019-01-09 20:02:43,826  --login-log.py  --[line:35]  --INFO  --start app...')
'2019-01-09 20:03:35,119  --login-log.py  --[line:35]  --INFO  --start app...')
